<?xml version="1.0" encoding="UTF-8"?>
<testng-results skipped="0" failed="0" ignored="0" total="1" passed="1">
  <reporter-output>
  </reporter-output>
  <suite name="Default suite" duration-ms="23682" started-at="2020-05-22T18:52:52 EDT" finished-at="2020-05-22T18:53:16 EDT">
    <groups>
    </groups>
    <test name="Default test" duration-ms="23682" started-at="2020-05-22T18:52:52 EDT" finished-at="2020-05-22T18:53:16 EDT">
      <class name="Pobject.amazonTest">
        <test-method status="PASS" signature="launce()[pri:0, instance:Pobject.amazonTest@536aaa8d]" name="launce" duration-ms="23628" started-at="2020-05-22T18:52:52 EDT" finished-at="2020-05-22T18:53:16 EDT">
          <reporter-output>
          </reporter-output>
        </test-method> <!-- launce -->
      </class> <!-- Pobject.amazonTest -->
    </test> <!-- Default test -->
  </suite> <!-- Default suite -->
</testng-results>
